
chessgame: system execution failed.
Following is the set of recorded exceptions:

******************************** Thread exception *****************************
In thread           Root thread            0x0 (thread id)
*******************************************************************************
-------------------------------------------------------------------------------
Class / Object      Routine                Nature of exception           Effect
-------------------------------------------------------------------------------
CHESS_TILE          set_accept_cursor @4   accept_cursor_assigned:      
<00000000068FC168>  (From EV_MODEL)        Postcondition violated.       Fail
-------------------------------------------------------------------------------
CHESS_TILE          set_accept_cursor @4                                
<00000000068FC168>  (From EV_MODEL)        Routine failure.              Fail
-------------------------------------------------------------------------------
CHESS_TILE          default_create @9                                   
<00000000068FC168>  (From EV_MODEL)        Routine failure.              Fail
-------------------------------------------------------------------------------
CHESS_TILE          default_create @1                                   
<00000000068FC168>  (From EV_MODEL_ATOMIC) Routine failure.              Fail
-------------------------------------------------------------------------------
CHESS_TILE          default_create @1                                   
<00000000068FC168>  (From EV_MODEL_RECTANGLE)
                                           Routine failure.              Fail
-------------------------------------------------------------------------------
CHESS_TILE          make_rectangle @1                                   
<00000000068FC168>  (From EV_MODEL_RECTANGLE)
                                           Routine failure.              Fail
-------------------------------------------------------------------------------
CHESS_TILE          make_with_color_positions @1
<00000000068FC168>                         Routine failure.              Fail
-------------------------------------------------------------------------------
CHESSBOARD_TILES_ROW_PRESENTER
                    with_y @10             
<00000000066EBC68>                         Routine failure.              Fail
-------------------------------------------------------------------------------
CHESSBOARD_PRESENTER_TILES
                    create_chessboard @3   
<00000000066EBBF8>                         Routine failure.              Fail
-------------------------------------------------------------------------------
CHESSBOARD_PRESENTER
                    with_view @5           
<00000000066E9888>                         Routine failure.              Fail
-------------------------------------------------------------------------------
MAIN_WINDOW         build_main_container @3
<00000000066DE6C8>                         Routine failure.              Fail
-------------------------------------------------------------------------------
MAIN_WINDOW         initialize @6                                       
<00000000066DE6C8>                         Routine failure.              Fail
-------------------------------------------------------------------------------
MAIN_WINDOW         default_create @6                                   
<00000000066DE6C8>  (From EV_ANY)          Routine failure.              Fail
-------------------------------------------------------------------------------
APPLICATION         prepare @1                                          
<00000000066DC5A8>                         Routine failure.              Fail
-------------------------------------------------------------------------------
APPLICATION         make_and_launch @2                                  
<00000000066DC5A8>                         Routine failure.              Fail
-------------------------------------------------------------------------------
APPLICATION         root's creation                                     
<00000000066DC5A8>                         Routine failure.              Exit
-------------------------------------------------------------------------------

chessgame: system execution failed.
Following is the set of recorded exceptions:

******************************** Thread exception *****************************
In thread           Root thread            0x0 (thread id)
*******************************************************************************
-------------------------------------------------------------------------------
Class / Object      Routine                Nature of exception           Effect
-------------------------------------------------------------------------------
CHESS_TILE          set_accept_cursor @4   accept_cursor_assigned:      
<00000000067DDBE8>  (From EV_MODEL)        Postcondition violated.       Fail
-------------------------------------------------------------------------------
CHESS_TILE          set_accept_cursor @4                                
<00000000067DDBE8>  (From EV_MODEL)        Routine failure.              Fail
-------------------------------------------------------------------------------
CHESS_TILE          default_create @9                                   
<00000000067DDBE8>  (From EV_MODEL)        Routine failure.              Fail
-------------------------------------------------------------------------------
CHESS_TILE          default_create @1                                   
<00000000067DDBE8>  (From EV_MODEL_ATOMIC) Routine failure.              Fail
-------------------------------------------------------------------------------
CHESS_TILE          default_create @1                                   
<00000000067DDBE8>  (From EV_MODEL_RECTANGLE)
                                           Routine failure.              Fail
-------------------------------------------------------------------------------
CHESS_TILE          make_rectangle @1                                   
<00000000067DDBE8>  (From EV_MODEL_RECTANGLE)
                                           Routine failure.              Fail
-------------------------------------------------------------------------------
CHESS_TILE          make_with_color_positions @2
<00000000067DDBE8>                         Routine failure.              Fail
-------------------------------------------------------------------------------
CHESSBOARD_TILES_ROW_PRESENTER
                    with_y @10             
<00000000064D2C68>                         Routine failure.              Fail
-------------------------------------------------------------------------------
CHESSBOARD_PRESENTER_TILES
                    create_chessboard @3   
<00000000064D2BF8>                         Routine failure.              Fail
-------------------------------------------------------------------------------
CHESSBOARD_PRESENTER
                    with_view @5           
<00000000064D0888>                         Routine failure.              Fail
-------------------------------------------------------------------------------
MAIN_WINDOW         build_main_container @3
<00000000064C56C8>                         Routine failure.              Fail
-------------------------------------------------------------------------------
MAIN_WINDOW         initialize @6                                       
<00000000064C56C8>                         Routine failure.              Fail
-------------------------------------------------------------------------------
MAIN_WINDOW         default_create @6                                   
<00000000064C56C8>  (From EV_ANY)          Routine failure.              Fail
-------------------------------------------------------------------------------
APPLICATION         prepare @1                                          
<00000000064C35A8>                         Routine failure.              Fail
-------------------------------------------------------------------------------
APPLICATION         make_and_launch @2                                  
<00000000064C35A8>                         Routine failure.              Fail
-------------------------------------------------------------------------------
APPLICATION         root's creation                                     
<00000000064C35A8>                         Routine failure.              Exit
-------------------------------------------------------------------------------

chessgame: system execution failed.
Following is the set of recorded exceptions:

******************************** Thread exception *****************************
In thread           Root thread            0x0 (thread id)
*******************************************************************************
-------------------------------------------------------------------------------
Class / Object      Routine                Nature of exception           Effect
-------------------------------------------------------------------------------
ARRAY               item @3                valid_index:                 
<00000000065FCC18>                         Precondition violated.        Fail
-------------------------------------------------------------------------------
CHESSBOARD_PRESENTER_TILES
                    get_tile_at @5         
<00000000065FCBF8>                         Routine failure.              Fail
-------------------------------------------------------------------------------
CHESSBOARD_PRESENTER_TILES
                    create_chessboard @6   
<00000000065FCBF8>                         Routine failure.              Fail
-------------------------------------------------------------------------------
CHESSBOARD_PRESENTER
                    with_view @5           
<00000000065FA888>                         Routine failure.              Fail
-------------------------------------------------------------------------------
MAIN_WINDOW         build_main_container @3
<00000000065EF6C8>                         Routine failure.              Fail
-------------------------------------------------------------------------------
MAIN_WINDOW         initialize @6                                       
<00000000065EF6C8>                         Routine failure.              Fail
-------------------------------------------------------------------------------
MAIN_WINDOW         default_create @6                                   
<00000000065EF6C8>  (From EV_ANY)          Routine failure.              Fail
-------------------------------------------------------------------------------
APPLICATION         prepare @1                                          
<00000000065ED5A8>                         Routine failure.              Fail
-------------------------------------------------------------------------------
APPLICATION         make_and_launch @2                                  
<00000000065ED5A8>                         Routine failure.              Fail
-------------------------------------------------------------------------------
APPLICATION         root's creation                                     
<00000000065ED5A8>                         Routine failure.              Exit
-------------------------------------------------------------------------------

chessgame: system execution failed.
Following is the set of recorded exceptions:

******************************** Thread exception *****************************
In thread           Root thread            0x0 (thread id)
*******************************************************************************
-------------------------------------------------------------------------------
Class / Object      Routine                Nature of exception           Effect
-------------------------------------------------------------------------------
ARRAY               item @3                valid_index:                 
<00000000065FE2B8>                         Precondition violated.        Fail
-------------------------------------------------------------------------------
CHESSBOARD_PRESENTER_TILES
                    get_tile_at @5         
<00000000065FE298>                         Routine failure.              Fail
-------------------------------------------------------------------------------
CHESSBOARD_PRESENTER_TILES
                    create_chessboard @6   
<00000000065FE298>                         Routine failure.              Fail
-------------------------------------------------------------------------------
CHESSBOARD_PRESENTER
                    with_view @5           
<00000000065FC888>                         Routine failure.              Fail
-------------------------------------------------------------------------------
MAIN_WINDOW         build_main_container @3
<00000000065F16C8>                         Routine failure.              Fail
-------------------------------------------------------------------------------
MAIN_WINDOW         initialize @6                                       
<00000000065F16C8>                         Routine failure.              Fail
-------------------------------------------------------------------------------
MAIN_WINDOW         default_create @6                                   
<00000000065F16C8>  (From EV_ANY)          Routine failure.              Fail
-------------------------------------------------------------------------------
APPLICATION         prepare @1                                          
<00000000065EF5A8>                         Routine failure.              Fail
-------------------------------------------------------------------------------
APPLICATION         make_and_launch @2                                  
<00000000065EF5A8>                         Routine failure.              Fail
-------------------------------------------------------------------------------
APPLICATION         root's creation                                     
<00000000065EF5A8>                         Routine failure.              Exit
-------------------------------------------------------------------------------

chessgame: system execution failed.
Following is the set of recorded exceptions:

******************************** Thread exception *****************************
In thread           Root thread            0x0 (thread id)
*******************************************************************************
-------------------------------------------------------------------------------
Class / Object      Routine                Nature of exception           Effect
-------------------------------------------------------------------------------
ARRAY               item @3                valid_index:                 
<00000000066222B8>                         Precondition violated.        Fail
-------------------------------------------------------------------------------
CHESSBOARD_PRESENTER_TILES
                    get_tile_at @5         
<0000000006622298>                         Routine failure.              Fail
-------------------------------------------------------------------------------
CHESSBOARD_PRESENTER_TILES
                    create_chessboard @6   
<0000000006622298>                         Routine failure.              Fail
-------------------------------------------------------------------------------
CHESSBOARD_PRESENTER
                    with_view @5           
<0000000006620888>                         Routine failure.              Fail
-------------------------------------------------------------------------------
MAIN_WINDOW         build_main_container @3
<00000000066156C8>                         Routine failure.              Fail
-------------------------------------------------------------------------------
MAIN_WINDOW         initialize @6                                       
<00000000066156C8>                         Routine failure.              Fail
-------------------------------------------------------------------------------
MAIN_WINDOW         default_create @6                                   
<00000000066156C8>  (From EV_ANY)          Routine failure.              Fail
-------------------------------------------------------------------------------
APPLICATION         prepare @1                                          
<00000000066135A8>                         Routine failure.              Fail
-------------------------------------------------------------------------------
APPLICATION         make_and_launch @2                                  
<00000000066135A8>                         Routine failure.              Fail
-------------------------------------------------------------------------------
APPLICATION         root's creation                                     
<00000000066135A8>                         Routine failure.              Exit
-------------------------------------------------------------------------------
